# JRE version: Java(TM) SE Runtime Environment (8.0_251-b08) (build 1.8.0_251-b08)
# Java VM: Java HotSpot(TM) 64-Bit Server VM (25.251-b08 mixed mode windows-amd64 compressed oops)
Heap:
 PSYoungGen      total 285696K, used 285683K [0x0000000715980000, 0x0000000728880000, 0x00000007c0000000)
  eden space 272896K, 100% used [0x0000000715980000,0x0000000726400000,0x0000000726400000)
  from space 12800K, 99% used [0x0000000727680000,0x00000007282fcc98,0x0000000728300000)
  to   space 5632K, 99% used [0x0000000728300000,0x00000007288780c0,0x0000000728880000)
 ParOldGen       total 307200K, used 22566K [0x00000005c0c00000, 0x00000005d3800000, 0x0000000715980000)
  object space 307200K, 7% used [0x00000005c0c00000,0x00000005c2209a20,0x00000005d3800000)
 Metaspace       used 48034K, capacity 50597K, committed 50688K, reserved 1093632K
  class space    used 6413K, capacity 6880K, committed 6912K, reserved 1048576K
GC Heap History (10 events):
Event: 4.270 GC heap after
Heap after GC invocations=5 (full 1):
 PSYoungGen      total 199680K, used 11907K [0x0000000715980000, 0x0000000723e00000, 0x00000007c0000000)
  eden space 178176K, 0% used [0x0000000715980000,0x0000000715980000,0x0000000720780000)
  from space 21504K, 55% used [0x0000000721c80000,0x0000000722820cb0,0x0000000723180000)
  to   space 21504K, 0% used [0x0000000720780000,0x0000000720780000,0x0000000721c80000)
 ParOldGen       total 220672K, used 9750K [0x00000005c0c00000, 0x00000005ce380000, 0x0000000715980000)
  object space 220672K, 4% used [0x00000005c0c00000,0x00000005c1585870,0x00000005ce380000)
 Metaspace       used 30381K, capacity 31985K, committed 32256K, reserved 1077248K
  class space    used 4182K, capacity 4507K, committed 4608K, reserved 1048576K
}
Event: 4.364 GC heap before
{Heap before GC invocations=6 (full 1):
 PSYoungGen      total 199680K, used 39974K [0x0000000715980000, 0x0000000723e00000, 0x00000007c0000000)
  eden space 178176K, 15% used [0x0000000715980000,0x00000007174e8d98,0x0000000720780000)
  from space 21504K, 55% used [0x0000000721c80000,0x0000000722820cb0,0x0000000723180000)
  to   space 21504K, 0% used [0x0000000720780000,0x0000000720780000,0x0000000721c80000)
 ParOldGen       total 220672K, used 9750K [0x00000005c0c00000, 0x00000005ce380000, 0x0000000715980000)
  object space 220672K, 4% used [0x00000005c0c00000,0x00000005c1585870,0x00000005ce380000)
 Metaspace       used 33682K, capacity 35405K, committed 35456K, reserved 1079296K
  class space    used 4616K, capacity 4947K, committed 4992K, reserved 1048576K
Event: 4.368 GC heap after
Heap after GC invocations=6 (full 1):
 PSYoungGen      total 199680K, used 8866K [0x0000000715980000, 0x0000000729400000, 0x00000007c0000000)
  eden space 178176K, 0% used [0x0000000715980000,0x0000000715980000,0x0000000720780000)
  from space 21504K, 41% used [0x0000000720780000,0x0000000721028888,0x0000000721c80000)
  to   space 12288K, 0% used [0x0000000728800000,0x0000000728800000,0x0000000729400000)
 ParOldGen       total 220672K, used 9822K [0x00000005c0c00000, 0x00000005ce380000, 0x0000000715980000)
  object space 220672K, 4% used [0x00000005c0c00000,0x00000005c1597880,0x00000005ce380000)
 Metaspace       used 33682K, capacity 35405K, committed 35456K, reserved 1079296K
  class space    used 4616K, capacity 4947K, committed 4992K, reserved 1048576K
}
Event: 4.368 GC heap before
{Heap before GC invocations=7 (full 2):
 PSYoungGen      total 199680K, used 8866K [0x0000000715980000, 0x0000000729400000, 0x00000007c0000000)
  eden space 178176K, 0% used [0x0000000715980000,0x0000000715980000,0x0000000720780000)
  from space 21504K, 41% used [0x0000000720780000,0x0000000721028888,0x0000000721c80000)
  to   space 12288K, 0% used [0x0000000728800000,0x0000000728800000,0x0000000729400000)
 ParOldGen       total 220672K, used 9822K [0x00000005c0c00000, 0x00000005ce380000, 0x0000000715980000)
  object space 220672K, 4% used [0x00000005c0c00000,0x00000005c1597880,0x00000005ce380000)
 Metaspace       used 33682K, capacity 35405K, committed 35456K, reserved 1079296K
  class space    used 4616K, capacity 4947K, committed 4992K, reserved 1048576K
Event: 4.394 GC heap after
Heap after GC invocations=7 (full 2):
 PSYoungGen      total 199680K, used 0K [0x0000000715980000, 0x0000000729400000, 0x00000007c0000000)
  eden space 178176K, 0% used [0x0000000715980000,0x0000000715980000,0x0000000720780000)
  from space 21504K, 0% used [0x0000000720780000,0x0000000720780000,0x0000000721c80000)
  to   space 12288K, 0% used [0x0000000728800000,0x0000000728800000,0x0000000729400000)
 ParOldGen       total 307200K, used 14266K [0x00000005c0c00000, 0x00000005d3800000, 0x0000000715980000)
  object space 307200K, 4% used [0x00000005c0c00000,0x00000005c19eeaa8,0x00000005d3800000)
 Metaspace       used 33682K, capacity 35405K, committed 35456K, reserved 1079296K
  class space    used 4616K, capacity 4947K, committed 4992K, reserved 1048576K
}
Event: 5.027 GC heap before
{Heap before GC invocations=8 (full 2):
 PSYoungGen      total 199680K, used 178176K [0x0000000715980000, 0x0000000729400000, 0x00000007c0000000)
  eden space 178176K, 100% used [0x0000000715980000,0x0000000720780000,0x0000000720780000)
  from space 21504K, 0% used [0x0000000720780000,0x0000000720780000,0x0000000721c80000)
  to   space 12288K, 0% used [0x0000000728800000,0x0000000728800000,0x0000000729400000)
 ParOldGen       total 307200K, used 14266K [0x00000005c0c00000, 0x00000005d3800000, 0x0000000715980000)
  object space 307200K, 4% used [0x00000005c0c00000,0x00000005c19eeaa8,0x00000005d3800000)
 Metaspace       used 37068K, capacity 39189K, committed 39296K, reserved 1083392K
  class space    used 5020K, capacity 5425K, committed 5504K, reserved 1048576K
Event: 5.031 GC heap after
Heap after GC invocations=8 (full 2):
 PSYoungGen      total 287232K, used 7406K [0x0000000715980000, 0x0000000728f80000, 0x00000007c0000000)
  eden space 279552K, 0% used [0x0000000715980000,0x0000000715980000,0x0000000726a80000)
  from space 7680K, 96% used [0x0000000728800000,0x0000000728f3b8e8,0x0000000728f80000)
  to   space 12800K, 0% used [0x0000000727680000,0x0000000727680000,0x0000000728300000)
 ParOldGen       total 307200K, used 14274K [0x00000005c0c00000, 0x00000005d3800000, 0x0000000715980000)
  object space 307200K, 4% used [0x00000005c0c00000,0x00000005c19f0aa8,0x00000005d3800000)
 Metaspace       used 37068K, capacity 39189K, committed 39296K, reserved 1083392K
  class space    used 5020K, capacity 5425K, committed 5504K, reserved 1048576K
}
Event: 899.997 GC heap before
{Heap before GC invocations=9 (full 2):
 PSYoungGen      total 287232K, used 286958K [0x0000000715980000, 0x0000000728f80000, 0x00000007c0000000)
  eden space 279552K, 100% used [0x0000000715980000,0x0000000726a80000,0x0000000726a80000)
  from space 7680K, 96% used [0x0000000728800000,0x0000000728f3b8e8,0x0000000728f80000)
  to   space 12800K, 0% used [0x0000000727680000,0x0000000727680000,0x0000000728300000)
 ParOldGen       total 307200K, used 14274K [0x00000005c0c00000, 0x00000005d3800000, 0x0000000715980000)
  object space 307200K, 4% used [0x00000005c0c00000,0x00000005c19f0aa8,0x00000005d3800000)
 Metaspace       used 45728K, capacity 48255K, committed 48384K, reserved 1091584K
  class space    used 6116K, capacity 6566K, committed 6656K, reserved 1048576K
Event: 900.008 GC heap after
Heap after GC invocations=9 (full 2):
 PSYoungGen      total 285696K, used 12787K [0x0000000715980000, 0x0000000728880000, 0x00000007c0000000)
  eden space 272896K, 0% used [0x0000000715980000,0x0000000715980000,0x0000000726400000)
  from space 12800K, 99% used [0x0000000727680000,0x00000007282fcc98,0x0000000728300000)
  to   space 5632K, 0% used [0x0000000728300000,0x0000000728300000,0x0000000728880000)
 ParOldGen       total 307200K, used 17562K [0x00000005c0c00000, 0x00000005d3800000, 0x0000000715980000)
  object space 307200K, 5% used [0x00000005c0c00000,0x00000005c1d26998,0x00000005d3800000)
 Metaspace       used 45728K, capacity 48255K, committed 48384K, reserved 1091584K
  class space    used 6116K, capacity 6566K, committed 6656K, reserved 1048576K
}
Event: 3224.059 GC heap before
{Heap before GC invocations=10 (full 2):
 PSYoungGen      total 285696K, used 285683K [0x0000000715980000, 0x0000000728880000, 0x00000007c0000000)
  eden space 272896K, 100% used [0x0000000715980000,0x0000000726400000,0x0000000726400000)
  from space 12800K, 99% used [0x0000000727680000,0x00000007282fcc98,0x0000000728300000)
  to   space 5632K, 0% used [0x0000000728300000,0x0000000728300000,0x0000000728880000)
 ParOldGen       total 307200K, used 17562K [0x00000005c0c00000, 0x00000005d3800000, 0x0000000715980000)
  object space 307200K, 5% used [0x00000005c0c00000,0x00000005c1d26998,0x00000005d3800000)
 Metaspace       used 48034K, capacity 50597K, committed 50688K, reserved 1093632K
  class space    used 6413K, capacity 6880K, committed 6912K, reserved 1048576K

