# JRE version: Java(TM) SE Runtime Environment (8.0_251-b08) (build 1.8.0_251-b08)
# Java VM: Java HotSpot(TM) 64-Bit Server VM (25.251-b08 mixed mode windows-amd64 compressed oops)
Heap:
 PSYoungGen      total 273920K, used 110229K [0x0000000715980000, 0x0000000728200000, 0x00000007c0000000)
  eden space 263680K, 37% used [0x0000000715980000,0x000000071bb55f98,0x0000000725b00000)
  from space 10240K, 98% used [0x0000000727800000,0x00000007281cf560,0x0000000728200000)
  to   space 14336K, 0% used [0x0000000726600000,0x0000000726600000,0x0000000727400000)
 ParOldGen       total 309248K, used 14622K [0x00000005c0c00000, 0x00000005d3a00000, 0x0000000715980000)
  object space 309248K, 4% used [0x00000005c0c00000,0x00000005c1a47938,0x00000005d3a00000)
 Metaspace       used 43211K, capacity 45668K, committed 45824K, reserved 1089536K
  class space    used 5707K, capacity 6120K, committed 6144K, reserved 1048576K
GC Heap History (10 events):
Event: 4.148 GC heap before
{Heap before GC invocations=6 (full 1):
 PSYoungGen      total 202752K, used 44107K [0x0000000715980000, 0x0000000723d80000, 0x00000007c0000000)
  eden space 181248K, 17% used [0x0000000715980000,0x00000007178da940,0x0000000720a80000)
  from space 21504K, 55% used [0x0000000721f80000,0x0000000722b38500,0x0000000723480000)
  to   space 21504K, 0% used [0x0000000720a80000,0x0000000720a80000,0x0000000721f80000)
 ParOldGen       total 215552K, used 9392K [0x00000005c0c00000, 0x00000005cde80000, 0x0000000715980000)
  object space 215552K, 4% used [0x00000005c0c00000,0x00000005c152c108,0x00000005cde80000)
 Metaspace       used 33690K, capacity 35388K, committed 35456K, reserved 1079296K
  class space    used 4626K, capacity 4944K, committed 4992K, reserved 1048576K
Event: 4.152 GC heap after
Heap after GC invocations=6 (full 1):
 PSYoungGen      total 202752K, used 9364K [0x0000000715980000, 0x0000000728f80000, 0x00000007c0000000)
  eden space 181248K, 0% used [0x0000000715980000,0x0000000715980000,0x0000000720a80000)
  from space 21504K, 43% used [0x0000000720a80000,0x00000007213a5268,0x0000000721f80000)
  to   space 12288K, 0% used [0x0000000728380000,0x0000000728380000,0x0000000728f80000)
 ParOldGen       total 215552K, used 9464K [0x00000005c0c00000, 0x00000005cde80000, 0x0000000715980000)
  object space 215552K, 4% used [0x00000005c0c00000,0x00000005c153e118,0x00000005cde80000)
 Metaspace       used 33690K, capacity 35388K, committed 35456K, reserved 1079296K
  class space    used 4626K, capacity 4944K, committed 4992K, reserved 1048576K
}
Event: 4.152 GC heap before
{Heap before GC invocations=7 (full 2):
 PSYoungGen      total 202752K, used 9364K [0x0000000715980000, 0x0000000728f80000, 0x00000007c0000000)
  eden space 181248K, 0% used [0x0000000715980000,0x0000000715980000,0x0000000720a80000)
  from space 21504K, 43% used [0x0000000720a80000,0x00000007213a5268,0x0000000721f80000)
  to   space 12288K, 0% used [0x0000000728380000,0x0000000728380000,0x0000000728f80000)
 ParOldGen       total 215552K, used 9464K [0x00000005c0c00000, 0x00000005cde80000, 0x0000000715980000)
  object space 215552K, 4% used [0x00000005c0c00000,0x00000005c153e118,0x00000005cde80000)
 Metaspace       used 33690K, capacity 35388K, committed 35456K, reserved 1079296K
  class space    used 4626K, capacity 4944K, committed 4992K, reserved 1048576K
Event: 4.178 GC heap after
Heap after GC invocations=7 (full 2):
 PSYoungGen      total 202752K, used 0K [0x0000000715980000, 0x0000000728f80000, 0x00000007c0000000)
  eden space 181248K, 0% used [0x0000000715980000,0x0000000715980000,0x0000000720a80000)
  from space 21504K, 0% used [0x0000000720a80000,0x0000000720a80000,0x0000000721f80000)
  to   space 12288K, 0% used [0x0000000728380000,0x0000000728380000,0x0000000728f80000)
 ParOldGen       total 309248K, used 14590K [0x00000005c0c00000, 0x00000005d3a00000, 0x0000000715980000)
  object space 309248K, 4% used [0x00000005c0c00000,0x00000005c1a3f938,0x00000005d3a00000)
 Metaspace       used 33690K, capacity 35388K, committed 35456K, reserved 1079296K
  class space    used 4626K, capacity 4944K, committed 4992K, reserved 1048576K
}
Event: 4.575 GC heap before
{Heap before GC invocations=8 (full 2):
 PSYoungGen      total 202752K, used 181248K [0x0000000715980000, 0x0000000728f80000, 0x00000007c0000000)
  eden space 181248K, 100% used [0x0000000715980000,0x0000000720a80000,0x0000000720a80000)
  from space 21504K, 0% used [0x0000000720a80000,0x0000000720a80000,0x0000000721f80000)
  to   space 12288K, 0% used [0x0000000728380000,0x0000000728380000,0x0000000728f80000)
 ParOldGen       total 309248K, used 14590K [0x00000005c0c00000, 0x00000005d3a00000, 0x0000000715980000)
  object space 309248K, 4% used [0x00000005c0c00000,0x00000005c1a3f938,0x00000005d3a00000)
 Metaspace       used 34201K, capacity 35962K, committed 36096K, reserved 1081344K
  class space    used 4679K, capacity 5019K, committed 5120K, reserved 1048576K
Event: 4.577 GC heap after
Heap after GC invocations=8 (full 2):
 PSYoungGen      total 279552K, used 2723K [0x0000000715980000, 0x0000000728680000, 0x00000007c0000000)
  eden space 276480K, 0% used [0x0000000715980000,0x0000000715980000,0x0000000726780000)
  from space 3072K, 88% used [0x0000000728380000,0x0000000728628cc0,0x0000000728680000)
  to   space 13312K, 0% used [0x0000000726c80000,0x0000000726c80000,0x0000000727980000)
 ParOldGen       total 309248K, used 14598K [0x00000005c0c00000, 0x00000005d3a00000, 0x0000000715980000)
  object space 309248K, 4% used [0x00000005c0c00000,0x00000005c1a41938,0x00000005d3a00000)
 Metaspace       used 34201K, capacity 35962K, committed 36096K, reserved 1081344K
  class space    used 4679K, capacity 5019K, committed 5120K, reserved 1048576K
}
Event: 797.725 GC heap before
{Heap before GC invocations=9 (full 2):
 PSYoungGen      total 279552K, used 279203K [0x0000000715980000, 0x0000000728680000, 0x00000007c0000000)
  eden space 276480K, 100% used [0x0000000715980000,0x0000000726780000,0x0000000726780000)
  from space 3072K, 88% used [0x0000000728380000,0x0000000728628cc0,0x0000000728680000)
  to   space 13312K, 0% used [0x0000000726c80000,0x0000000726c80000,0x0000000727980000)
 ParOldGen       total 309248K, used 14598K [0x00000005c0c00000, 0x00000005d3a00000, 0x0000000715980000)
  object space 309248K, 4% used [0x00000005c0c00000,0x00000005c1a41938,0x00000005d3a00000)
 Metaspace       used 41090K, capacity 43470K, committed 43648K, reserved 1087488K
  class space    used 5469K, capacity 5909K, committed 6016K, reserved 1048576K
Event: 797.731 GC heap after
Heap after GC invocations=9 (full 2):
 PSYoungGen      total 281600K, used 11699K [0x0000000715980000, 0x0000000728400000, 0x00000007c0000000)
  eden space 269824K, 0% used [0x0000000715980000,0x0000000715980000,0x0000000726100000)
  from space 11776K, 99% used [0x0000000726c80000,0x00000007277ecf80,0x0000000727800000)
  to   space 12288K, 0% used [0x0000000727800000,0x0000000727800000,0x0000000728400000)
 ParOldGen       total 309248K, used 14606K [0x00000005c0c00000, 0x00000005d3a00000, 0x0000000715980000)
  object space 309248K, 4% used [0x00000005c0c00000,0x00000005c1a43938,0x00000005d3a00000)
 Metaspace       used 41090K, capacity 43470K, committed 43648K, reserved 1087488K
  class space    used 5469K, capacity 5909K, committed 6016K, reserved 1048576K
}
Event: 3263.948 GC heap before
{Heap before GC invocations=10 (full 2):
 PSYoungGen      total 281600K, used 281523K [0x0000000715980000, 0x0000000728400000, 0x00000007c0000000)
  eden space 269824K, 100% used [0x0000000715980000,0x0000000726100000,0x0000000726100000)
  from space 11776K, 99% used [0x0000000726c80000,0x00000007277ecf80,0x0000000727800000)
  to   space 12288K, 0% used [0x0000000727800000,0x0000000727800000,0x0000000728400000)
 ParOldGen       total 309248K, used 14606K [0x00000005c0c00000, 0x00000005d3a00000, 0x0000000715980000)
  object space 309248K, 4% used [0x00000005c0c00000,0x00000005c1a43938,0x00000005d3a00000)
 Metaspace       used 43210K, capacity 45668K, committed 45824K, reserved 1089536K
  class space    used 5707K, capacity 6120K, committed 6144K, reserved 1048576K
Event: 3263.954 GC heap after
Heap after GC invocations=10 (full 2):
 PSYoungGen      total 273920K, used 10045K [0x0000000715980000, 0x0000000728200000, 0x00000007c0000000)
  eden space 263680K, 0% used [0x0000000715980000,0x0000000715980000,0x0000000725b00000)
  from space 10240K, 98% used [0x0000000727800000,0x00000007281cf560,0x0000000728200000)
  to   space 14336K, 0% used [0x0000000726600000,0x0000000726600000,0x0000000727400000)
 ParOldGen       total 309248K, used 14622K [0x00000005c0c00000, 0x00000005d3a00000, 0x0000000715980000)
  object space 309248K, 4% used [0x00000005c0c00000,0x00000005c1a47938,0x00000005d3a00000)
 Metaspace       used 43210K, capacity 45668K, committed 45824K, reserved 1089536K
  class space    used 5707K, capacity 6120K, committed 6144K, reserved 1048576K
}

